[0.278s] DEBUG:colcon:Command line arguments: ['/usr/bin/colcon', 'build']
[0.278s] DEBUG:colcon:Parsed command line arguments: Namespace(log_base=None, log_level=None, verb_name='build', build_base='build', install_base='install', merge_install=False, symlink_install=False, test_result_base=None, continue_on_error=False, executor='parallel', parallel_workers=8, event_handlers=None, ignore_user_meta=False, metas=['./colcon.meta'], base_paths=['.'], packages_ignore=None, packages_ignore_regex=None, paths=None, packages_up_to=None, packages_up_to_regex=None, packages_above=None, packages_above_and_dependencies=None, packages_above_depth=None, packages_select_by_dep=None, packages_skip_by_dep=None, packages_skip_up_to=None, packages_select_build_failed=False, packages_skip_build_finished=False, packages_select_test_failures=False, packages_skip_test_passed=False, packages_select=None, packages_skip=None, packages_select_regex=None, packages_skip_regex=None, packages_start=None, packages_end=None, allow_overriding=[], cmake_args=None, cmake_target=None, cmake_target_skip_unavailable=False, cmake_clean_cache=False, cmake_clean_first=False, cmake_force_configure=False, ament_cmake_args=None, catkin_cmake_args=None, catkin_skip_building_tests=False, verb_parser=<colcon_defaults.argument_parser.defaults.DefaultArgumentsDecorator object at 0x7c4b7954fd70>, verb_extension=<colcon_core.verb.build.BuildVerb object at 0x7c4b796ff350>, main=<bound method BuildVerb.main of <colcon_core.verb.build.BuildVerb object at 0x7c4b796ff350>>)
[0.414s] Level 1:colcon.colcon_core.package_discovery:discover_packages(colcon_meta) check parameters
[0.414s] Level 1:colcon.colcon_core.package_discovery:discover_packages(recursive) check parameters
[0.414s] Level 1:colcon.colcon_core.package_discovery:discover_packages(ignore) check parameters
[0.414s] Level 1:colcon.colcon_core.package_discovery:discover_packages(path) check parameters
[0.414s] Level 1:colcon.colcon_core.package_discovery:discover_packages(colcon_meta) discover
[0.414s] Level 1:colcon.colcon_core.package_discovery:discover_packages(recursive) discover
[0.415s] INFO:colcon.colcon_core.package_discovery:Crawling recursively for packages in '/home/yunus/ros_ws'
[0.415s] Level 1:colcon.colcon_core.package_identification:_identify(.) by extensions ['ignore', 'ignore_ament_install']
[0.415s] Level 1:colcon.colcon_core.package_identification:_identify(.) by extension 'ignore'
[0.415s] Level 1:colcon.colcon_core.package_identification:_identify(.) by extension 'ignore_ament_install'
[0.415s] Level 1:colcon.colcon_core.package_identification:_identify(.) by extensions ['colcon_pkg']
[0.415s] Level 1:colcon.colcon_core.package_identification:_identify(.) by extension 'colcon_pkg'
[0.415s] Level 1:colcon.colcon_core.package_identification:_identify(.) by extensions ['colcon_meta']
[0.415s] Level 1:colcon.colcon_core.package_identification:_identify(.) by extension 'colcon_meta'
[0.416s] Level 1:colcon.colcon_core.package_identification:_identify(.) by extensions ['ros']
[0.416s] Level 1:colcon.colcon_core.package_identification:_identify(.) by extension 'ros'
[0.461s] Level 1:colcon.colcon_core.package_identification:_identify(.) by extensions ['cmake', 'python']
[0.461s] Level 1:colcon.colcon_core.package_identification:_identify(.) by extension 'cmake'
[0.461s] Level 1:colcon.colcon_core.package_identification:_identify(.) by extension 'python'
[0.461s] Level 1:colcon.colcon_core.package_identification:_identify(.) by extensions ['python_setup_py']
[0.461s] Level 1:colcon.colcon_core.package_identification:_identify(.) by extension 'python_setup_py'
[0.462s] Level 1:colcon.colcon_core.package_identification:_identify(Workshop) by extensions ['ignore', 'ignore_ament_install']
[0.462s] Level 1:colcon.colcon_core.package_identification:_identify(Workshop) by extension 'ignore'
[0.462s] Level 1:colcon.colcon_core.package_identification:_identify(Workshop) by extension 'ignore_ament_install'
[0.462s] Level 1:colcon.colcon_core.package_identification:_identify(Workshop) by extensions ['colcon_pkg']
[0.462s] Level 1:colcon.colcon_core.package_identification:_identify(Workshop) by extension 'colcon_pkg'
[0.462s] Level 1:colcon.colcon_core.package_identification:_identify(Workshop) by extensions ['colcon_meta']
[0.462s] Level 1:colcon.colcon_core.package_identification:_identify(Workshop) by extension 'colcon_meta'
[0.462s] Level 1:colcon.colcon_core.package_identification:_identify(Workshop) by extensions ['ros']
[0.462s] Level 1:colcon.colcon_core.package_identification:_identify(Workshop) by extension 'ros'
[0.462s] Level 1:colcon.colcon_core.package_identification:_identify(Workshop) by extensions ['cmake', 'python']
[0.462s] Level 1:colcon.colcon_core.package_identification:_identify(Workshop) by extension 'cmake'
[0.462s] Level 1:colcon.colcon_core.package_identification:_identify(Workshop) by extension 'python'
[0.462s] Level 1:colcon.colcon_core.package_identification:_identify(Workshop) by extensions ['python_setup_py']
[0.463s] Level 1:colcon.colcon_core.package_identification:_identify(Workshop) by extension 'python_setup_py'
[0.463s] Level 1:colcon.colcon_core.package_identification:_identify(build) by extensions ['ignore', 'ignore_ament_install']
[0.463s] Level 1:colcon.colcon_core.package_identification:_identify(build) by extension 'ignore'
[0.463s] Level 1:colcon.colcon_core.package_identification:_identify(build) ignored
[0.463s] Level 1:colcon.colcon_core.package_identification:_identify(install) by extensions ['ignore', 'ignore_ament_install']
[0.463s] Level 1:colcon.colcon_core.package_identification:_identify(install) by extension 'ignore'
[0.463s] Level 1:colcon.colcon_core.package_identification:_identify(install) ignored
[0.463s] Level 1:colcon.colcon_core.package_identification:_identify(log) by extensions ['ignore', 'ignore_ament_install']
[0.463s] Level 1:colcon.colcon_core.package_identification:_identify(log) by extension 'ignore'
[0.463s] Level 1:colcon.colcon_core.package_identification:_identify(log) ignored
[0.464s] Level 1:colcon.colcon_core.package_identification:_identify(src) by extensions ['ignore', 'ignore_ament_install']
[0.464s] Level 1:colcon.colcon_core.package_identification:_identify(src) by extension 'ignore'
[0.464s] Level 1:colcon.colcon_core.package_identification:_identify(src) by extension 'ignore_ament_install'
[0.464s] Level 1:colcon.colcon_core.package_identification:_identify(src) by extensions ['colcon_pkg']
[0.464s] Level 1:colcon.colcon_core.package_identification:_identify(src) by extension 'colcon_pkg'
[0.464s] Level 1:colcon.colcon_core.package_identification:_identify(src) by extensions ['colcon_meta']
[0.464s] Level 1:colcon.colcon_core.package_identification:_identify(src) by extension 'colcon_meta'
[0.464s] Level 1:colcon.colcon_core.package_identification:_identify(src) by extensions ['ros']
[0.464s] Level 1:colcon.colcon_core.package_identification:_identify(src) by extension 'ros'
[0.464s] Level 1:colcon.colcon_core.package_identification:_identify(src) by extensions ['cmake', 'python']
[0.464s] Level 1:colcon.colcon_core.package_identification:_identify(src) by extension 'cmake'
[0.464s] Level 1:colcon.colcon_core.package_identification:_identify(src) by extension 'python'
[0.464s] Level 1:colcon.colcon_core.package_identification:_identify(src) by extensions ['python_setup_py']
[0.464s] Level 1:colcon.colcon_core.package_identification:_identify(src) by extension 'python_setup_py'
[0.465s] Level 1:colcon.colcon_core.package_identification:_identify(src/test) by extensions ['ignore', 'ignore_ament_install']
[0.465s] Level 1:colcon.colcon_core.package_identification:_identify(src/test) by extension 'ignore'
[0.465s] Level 1:colcon.colcon_core.package_identification:_identify(src/test) by extension 'ignore_ament_install'
[0.465s] Level 1:colcon.colcon_core.package_identification:_identify(src/test) by extensions ['colcon_pkg']
[0.465s] Level 1:colcon.colcon_core.package_identification:_identify(src/test) by extension 'colcon_pkg'
[0.465s] Level 1:colcon.colcon_core.package_identification:_identify(src/test) by extensions ['colcon_meta']
[0.465s] Level 1:colcon.colcon_core.package_identification:_identify(src/test) by extension 'colcon_meta'
[0.465s] Level 1:colcon.colcon_core.package_identification:_identify(src/test) by extensions ['ros']
[0.465s] Level 1:colcon.colcon_core.package_identification:_identify(src/test) by extension 'ros'
[0.470s] DEBUG:colcon.colcon_core.package_identification:Package 'src/test' with type 'ros.ament_cmake' and name 'test'
[0.470s] Level 1:colcon.colcon_core.package_discovery:discover_packages(recursive) using defaults
[0.470s] Level 1:colcon.colcon_core.package_discovery:discover_packages(ignore) discover
[0.470s] Level 1:colcon.colcon_core.package_discovery:discover_packages(ignore) using defaults
[0.470s] Level 1:colcon.colcon_core.package_discovery:discover_packages(path) discover
[0.470s] Level 1:colcon.colcon_core.package_discovery:discover_packages(path) using defaults
[0.502s] Level 1:colcon.colcon_core.package_discovery:discover_packages(prefix_path) check parameters
[0.502s] Level 1:colcon.colcon_core.package_discovery:discover_packages(prefix_path) discover
[0.508s] DEBUG:colcon.colcon_installed_package_information.package_discovery:Found 286 installed packages in /opt/ros/rolling
[0.509s] Level 1:colcon.colcon_core.package_discovery:discover_packages(prefix_path) using defaults
[0.560s] Level 5:colcon.colcon_core.verb:set package 'test' build argument 'cmake_args' from command line to 'None'
[0.560s] Level 5:colcon.colcon_core.verb:set package 'test' build argument 'cmake_target' from command line to 'None'
[0.560s] Level 5:colcon.colcon_core.verb:set package 'test' build argument 'cmake_target_skip_unavailable' from command line to 'False'
[0.560s] Level 5:colcon.colcon_core.verb:set package 'test' build argument 'cmake_clean_cache' from command line to 'False'
[0.561s] Level 5:colcon.colcon_core.verb:set package 'test' build argument 'cmake_clean_first' from command line to 'False'
[0.561s] Level 5:colcon.colcon_core.verb:set package 'test' build argument 'cmake_force_configure' from command line to 'False'
[0.561s] Level 5:colcon.colcon_core.verb:set package 'test' build argument 'ament_cmake_args' from command line to 'None'
[0.561s] Level 5:colcon.colcon_core.verb:set package 'test' build argument 'catkin_cmake_args' from command line to 'None'
[0.561s] Level 5:colcon.colcon_core.verb:set package 'test' build argument 'catkin_skip_building_tests' from command line to 'False'
[0.561s] DEBUG:colcon.colcon_core.verb:Building package 'test' with the following arguments: {'ament_cmake_args': None, 'build_base': '/home/yunus/ros_ws/build/test', 'catkin_cmake_args': None, 'catkin_skip_building_tests': False, 'cmake_args': None, 'cmake_clean_cache': False, 'cmake_clean_first': False, 'cmake_force_configure': False, 'cmake_target': None, 'cmake_target_skip_unavailable': False, 'install_base': '/home/yunus/ros_ws/install/test', 'merge_install': False, 'path': '/home/yunus/ros_ws/src/test', 'symlink_install': False, 'test_result_base': None}
[0.561s] INFO:colcon.colcon_core.executor:Executing jobs using 'parallel' executor
[0.562s] DEBUG:colcon.colcon_parallel_executor.executor.parallel:run_until_complete
[0.562s] INFO:colcon.colcon_ros.task.ament_cmake.build:Building ROS package in '/home/yunus/ros_ws/src/test' with build type 'ament_cmake'
[0.562s] INFO:colcon.colcon_cmake.task.cmake.build:Building CMake package in '/home/yunus/ros_ws/src/test'
[0.572s] INFO:colcon.colcon_core.plugin_system:Skipping extension 'colcon_core.shell.bat': Not used on non-Windows systems
[0.572s] INFO:colcon.colcon_core.shell:Skip shell extension 'powershell' for command environment: Not usable outside of PowerShell
[0.572s] DEBUG:colcon.colcon_core.shell:Skip shell extension 'dsv' for command environment
[0.593s] DEBUG:colcon.colcon_core.event_handler.log_command:Invoking command in '/home/yunus/ros_ws/build/test': CMAKE_PREFIX_PATH=${CMAKE_PREFIX_PATH}:/opt/ros/rolling DEBUGINFOD_URLS=https://debuginfod.ubuntu.com /usr/bin/cmake --build /home/yunus/ros_ws/build/test -- -j8 -l8
[1.373s] DEBUG:colcon.colcon_core.event_handler.log_command:Invoked command in '/home/yunus/ros_ws/build/test' returned '0': CMAKE_PREFIX_PATH=${CMAKE_PREFIX_PATH}:/opt/ros/rolling DEBUGINFOD_URLS=https://debuginfod.ubuntu.com /usr/bin/cmake --build /home/yunus/ros_ws/build/test -- -j8 -l8
[1.444s] DEBUG:colcon.colcon_core.event_handler.log_command:Invoking command in '/home/yunus/ros_ws/build/test': CMAKE_PREFIX_PATH=${CMAKE_PREFIX_PATH}:/opt/ros/rolling DEBUGINFOD_URLS=https://debuginfod.ubuntu.com /usr/bin/cmake --install /home/yunus/ros_ws/build/test
[1.460s] DEBUG:colcon.colcon_core.event_handler.log_command:Invoked command in '/home/yunus/ros_ws/build/test' returned '1': CMAKE_PREFIX_PATH=${CMAKE_PREFIX_PATH}:/opt/ros/rolling DEBUGINFOD_URLS=https://debuginfod.ubuntu.com /usr/bin/cmake --install /home/yunus/ros_ws/build/test
[1.515s] Level 1:colcon.colcon_core.environment:create_environment_scripts_only(test)
[1.528s] Level 1:colcon.colcon_core.environment:checking '/home/yunus/ros_ws/install/test' for CMake module files
[1.529s] Level 1:colcon.colcon_core.environment:checking '/home/yunus/ros_ws/install/test' for CMake config files
[1.529s] Level 1:colcon.colcon_core.shell:create_environment_hook('test', 'cmake_prefix_path')
[1.530s] INFO:colcon.colcon_core.shell:Creating environment hook '/home/yunus/ros_ws/install/test/share/test/hook/cmake_prefix_path.ps1'
[1.531s] INFO:colcon.colcon_core.shell:Creating environment descriptor '/home/yunus/ros_ws/install/test/share/test/hook/cmake_prefix_path.dsv'
[1.532s] INFO:colcon.colcon_core.shell:Creating environment hook '/home/yunus/ros_ws/install/test/share/test/hook/cmake_prefix_path.sh'
[1.534s] Level 1:colcon.colcon_core.environment:checking '/home/yunus/ros_ws/install/test/lib'
[1.534s] Level 1:colcon.colcon_core.environment:checking '/home/yunus/ros_ws/install/test/bin'
[1.534s] Level 1:colcon.colcon_core.environment:checking '/home/yunus/ros_ws/install/test/lib/pkgconfig/test.pc'
[1.534s] Level 1:colcon.colcon_core.environment:checking '/home/yunus/ros_ws/install/test/lib/python3.12/site-packages'
[1.535s] Level 1:colcon.colcon_core.environment:checking '/home/yunus/ros_ws/install/test/bin'
[1.535s] INFO:colcon.colcon_core.shell:Creating package script '/home/yunus/ros_ws/install/test/share/test/package.ps1'
[1.536s] INFO:colcon.colcon_core.shell:Creating package descriptor '/home/yunus/ros_ws/install/test/share/test/package.dsv'
[1.537s] INFO:colcon.colcon_core.shell:Creating package script '/home/yunus/ros_ws/install/test/share/test/package.sh'
[1.538s] INFO:colcon.colcon_core.shell:Creating package script '/home/yunus/ros_ws/install/test/share/test/package.bash'
[1.540s] INFO:colcon.colcon_core.shell:Creating package script '/home/yunus/ros_ws/install/test/share/test/package.zsh'
[1.542s] Level 1:colcon.colcon_core.environment:create_file_with_runtime_dependencies(/home/yunus/ros_ws/install/test/share/colcon-core/packages/test)
[1.552s] DEBUG:colcon.colcon_parallel_executor.executor.parallel:closing loop
[1.553s] DEBUG:colcon.colcon_parallel_executor.executor.parallel:loop closed
[1.553s] DEBUG:colcon.colcon_parallel_executor.executor.parallel:run_until_complete finished with '1'
[1.553s] DEBUG:colcon.colcon_core.event_reactor:joining thread
[1.570s] INFO:colcon.colcon_core.plugin_system:Skipping extension 'colcon_notification.desktop_notification.terminal_notifier': Not used on non-Darwin systems
[1.570s] INFO:colcon.colcon_core.plugin_system:Skipping extension 'colcon_notification.desktop_notification.win32': Not used on non-Windows systems
[1.570s] INFO:colcon.colcon_notification.desktop_notification:Sending desktop notification using 'notify2'
[1.632s] DEBUG:colcon.colcon_core.event_reactor:joined thread
[1.633s] INFO:colcon.colcon_core.shell:Creating prefix script '/home/yunus/ros_ws/install/local_setup.ps1'
[1.635s] INFO:colcon.colcon_core.shell:Creating prefix util module '/home/yunus/ros_ws/install/_local_setup_util_ps1.py'
[1.639s] INFO:colcon.colcon_core.shell:Creating prefix chain script '/home/yunus/ros_ws/install/setup.ps1'
[1.642s] INFO:colcon.colcon_core.shell:Creating prefix script '/home/yunus/ros_ws/install/local_setup.sh'
[1.644s] INFO:colcon.colcon_core.shell:Creating prefix util module '/home/yunus/ros_ws/install/_local_setup_util_sh.py'
[1.645s] INFO:colcon.colcon_core.shell:Creating prefix chain script '/home/yunus/ros_ws/install/setup.sh'
[1.647s] INFO:colcon.colcon_core.shell:Creating prefix script '/home/yunus/ros_ws/install/local_setup.bash'
[1.648s] INFO:colcon.colcon_core.shell:Creating prefix chain script '/home/yunus/ros_ws/install/setup.bash'
[1.650s] INFO:colcon.colcon_core.shell:Creating prefix script '/home/yunus/ros_ws/install/local_setup.zsh'
[1.651s] INFO:colcon.colcon_core.shell:Creating prefix chain script '/home/yunus/ros_ws/install/setup.zsh'
